{"C:\\Users\\ybot1\\Documents\\GitHub\\sprint-refinement-tool\\components\\UserList.tsx": {"path":"C:\\Users\\ybot1\\Documents\\GitHub\\sprint-refinement-tool\\components\\UserList.tsx","statementMap":{"0":{"start":{"line":2,"column":0},"end":{"line":2,"column":59}},"1":{"start":{"line":14,"column":42},"end":{"line":46,"column":1}},"2":{"start":{"line":21,"column":20},"end":{"line":25,"column":3}},"3":{"start":{"line":22,"column":21},"end":{"line":22,"column":42}},"4":{"start":{"line":23,"column":21},"end":{"line":23,"column":58}},"5":{"start":{"line":24,"column":4},"end":{"line":24,"column":44}},"6":{"start":{"line":27,"column":2},"end":{"line":45,"column":4}},"7":{"start":{"line":30,"column":8},"end":{"line":31,"column":null}},"8":{"start":{"line":48,"column":0},"end":{"line":48,"column":24}}},"fnMap":{"0":{"name":"(anonymous_0)","decl":{"start":{"line":14,"column":42},"end":{"line":14,"column":43}},"loc":{"start":{"line":20,"column":5},"end":{"line":46,"column":1}}},"1":{"name":"(anonymous_1)","decl":{"start":{"line":21,"column":20},"end":{"line":21,"column":21}},"loc":{"start":{"line":21,"column":50},"end":{"line":25,"column":3}}},"2":{"name":"(anonymous_2)","decl":{"start":{"line":29,"column":17},"end":{"line":29,"column":18}},"loc":{"start":{"line":30,"column":8},"end":{"line":31,"column":null}}}},"branchMap":{"0":{"loc":{"start":{"line":33,"column":12},"end":{"line":33,"column":null}},"type":"cond-expr","locations":[{"start":{"line":33,"column":28},"end":{"line":33,"column":42}},{"start":{"line":33,"column":45},"end":{"line":33,"column":null}}]},"1":{"loc":{"start":{"line":38,"column":13},"end":{"line":40,"column":41}},"type":"cond-expr","locations":[{"start":{"line":39,"column":16},"end":{"line":39,"column":18}},{"start":{"line":40,"column":16},"end":{"line":40,"column":41}}]}},"s":{"0":1,"1":1,"2":3,"3":0,"4":0,"5":0,"6":3,"7":6,"8":1},"f":{"0":3,"1":0,"2":6},"b":{"0":[3,3],"1":[0,6]}}
}
